
2020-01-10~19
1. 完成stm32与rk3399通信协议编码
2. 完成舵机通信协议编码


2020-01-20
1. 更新hal库版本
2. 优化与rk3399通信协议编码

2020-02-15
1. 触摸按键编码
2. DS18B20温度传感器编码
3. 调试通信串口中断模式
   -- 暂时使用 变长度中断接收 方式

2020-03-25
1. 红外、按键、adc、充电编码测试
2. 代码框架编写, event/timer/log/button模块实现

2020-03-28
1. 合入pipo缓冲区, 修改了通信串口处理逻辑, 测试正常

2020-03-31
1. 使用查询方式处理按键和红外检测, 测试正常
2. 修改单总线协议的时序问题

2020-04-02
1. 使用查询方式处理适配器接入, 零位检测, 测试正常
2. 修改用户层按键代码框架

2020-04-08
1. adc电池电压采集调试
2. 合入shell
3. 舵机调试, 使用shell命令

2020-04-09
1. 完善舵机命令

2020-04-11~13
1. 舵机多圈模式测试正常
2. 整理代码层次结构，完善应用层逻辑
3. 添加温度、电压，按键的shell调试命令

2020-04-25
1. ad数据处理, 添加去极值平均滤波

2020-04-26
1. 合入独立看门狗功能

2020-04-27
1. 合入LSI频率校准功能，用于看门狗时钟校准

2020-04-28~29
1. 优化微秒级的延时函数
2. 解决DS18B20偶尔读温度错误问题

2020-05-07
1. 解决DS18B20首次读取温度为85读问题。
2. 长期测试，DS18B20概现温度异常，
    -- 调整read函数延时时间，长时间测试, 问题消失

2020-05-10
1. 添加工厂模式，用于零位校准。


